<?xml version="1.0" encoding="UTF-8"?>
<!-- Generated by org.testng.reporters.JUnitXMLReporter -->
<testsuite hostname="ICPL12426" ignored="0" name="BDD Test" tests="2" failures="0" timestamp="01 Jan 2018 04:51:23 GMT" time="0.33" errors="0">
  <testcase name="FlipkartWebOrderVerification" time="0.232" classname="com.qmetry.qaf.automation.step.client.Scenario">
    <skipped/>
  </testcase> <!-- FlipkartWebOrderVerification -->
  <testcase name="FlipKart" time="0.032" classname="com.qmetry.qaf.automation.step.client.Scenario">
    <skipped/>
  </testcase> <!-- FlipKart -->
</testsuite> <!-- BDD Test -->
