<?xml version="1.0" encoding="UTF-8"?>
<testng-results skipped="0" failed="0" ignored="5" total="9" passed="4">
  <reporter-output>
    <line>
      <![CDATA[<div style="display:block;margin-left:10px;"><div  class="teststeppass"><span class="teststeppass-label">T </span>Given user is on flipkart homepage</div><div style="display:block;margin-left:10px;"><div  class="pass"><span class="pass-label">P </span>
Expected: a string containing "Online Shopping Site for Mobiles, Fashion, Books, Electronics, Home Appliances and More"
     Actual: was "Online Shopping Site for Mobiles, Fashion, Books, Electronics, Home Appliances and More" <a href="../img/FlipkartWebOrderVerification_1akboqdv3aq6b57460.png" target="_blank">[View Screenshot]</a> </div></div><div  class="teststeppass"><span class="teststeppass-label">T </span>When user selects product 'Smart & Ultra HD' from 'TVs & Appliances' category</div><div  class="teststeppass"><span class="teststeppass-label">T </span>Then user should see product results</div><div style="display:block;margin-left:10px;"><div  class="pass"><span class="pass-label">P </span>
Expected: a value greater than &lt;0&gt;
     Actual: &lt;24&gt; was greater than &lt;0&gt; <a href="../img/FlipkartWebOrderVerification_sdcgj3i1e35w57461.png" target="_blank">[View Screenshot]</a> </div></div><div  class="teststeppass"><span class="teststeppass-label">T </span>When user select sortby 'Price -- High to Low'</div><div  class="teststeppass"><span class="teststeppass-label">T </span>And user select filterby 'Vu' brand</div><div  class="teststeppass"><span class="teststeppass-label">T </span>Then user should see only product results</div><div style="display:block;margin-left:10px;"><div  class="pass"><span class="pass-label">P </span>
Expected: not &lt;110&gt;
     Actual: was &lt;10&gt; <a href="../img/FlipkartWebOrderVerification_134zmt8awkvnb57462.png" target="_blank">[View Screenshot]</a> </div></div><div  class="teststeppass"><span class="teststeppass-label">T </span>When user selects '0' product from product list</div><div style="display:block;margin-left:10px;"><div  class="pass"><span class="pass-label">P </span>
Expected: &lt;true&gt;
     Actual: was &lt;true&gt; <a href="../img/FlipkartWebOrderVerification_ufzat5ovlqs57463.png" target="_blank">[View Screenshot]</a> </div></div><div  class="teststeppass"><span class="teststeppass-label">T </span>Then user should see product details matching correctly</div><div style="display:block;margin-left:10px;"><div  class="pass"><span class="pass-label">P </span>
Expected: a string containing "Vu 189cm (75 inch) Ultra HD (4K) QLED Smart TV"
     Actual: was "Vu 189cm (75 inch) Ultra HD (4K) QLED Smart TV  (H75K800)" <a href="../img/FlipkartWebOrderVerification_78djripl8lm957464.png" target="_blank">[View Screenshot]</a> </div><div  class="pass"><span class="pass-label">P </span>
Expected: a string containing "₹3,19,999"
     Actual: was "₹3,19,999" <a href="../img/FlipkartWebOrderVerification_g1jayugxk9zt57465.png" target="_blank">[View Screenshot]</a> </div></div><div  class="teststeppass"><span class="teststeppass-label">T </span>When user selects view details</div><div style="display:block;margin-left:10px;"><div  class="pass"><span class="pass-label">P </span>
Expected: &lt;true&gt;
     Actual: was &lt;true&gt; <a href="../img/FlipkartWebOrderVerification_pbfn72ae0s857466.png" target="_blank">[View Screenshot]</a> </div></div><div  class="teststeppass"><span class="teststeppass-label">T </span>Then user should see 'flipkart assured'</div><div style="display:block;margin-left:10px;"><div  class="pass"><span class="pass-label">P </span>
Expected: &lt;true&gt;
     Actual: was &lt;true&gt; <a href="../img/FlipkartWebOrderVerification_frrhp79eg4cq57467.png" target="_blank">[View Screenshot]</a> </div></div><div  class="teststeppass"><span class="teststeppass-label">T </span>When user selects add to cart</div><div  class="teststeppass"><span class="teststeppass-label">T </span>Then product has been added to the cart</div><div style="display:block;margin-left:10px;"><div  class="pass"><span class="pass-label">P </span>
Expected: a value greater than &lt;0&gt;
     Actual: &lt;1&gt; was greater than &lt;0&gt; <a href="../img/FlipkartWebOrderVerification_xa4dy4hdip6257468.png" target="_blank">[View Screenshot]</a> </div><div  class="pass"><span class="pass-label">P </span>
Expected: a string containing "Vu 189cm (75 inch) Ultra HD (4K) QLED Smart TV"
     Actual: was "Vu 189cm (75 inch) Ultra HD (4K) QLED Smart TV" <a href="../img/FlipkartWebOrderVerification_8rzxa3ii94ug57469.png" target="_blank">[View Screenshot]</a> </div><div  class="pass"><span class="pass-label">P </span>
Expected: a string containing "₹3,19,999"
     Actual: was "₹3,19,999" <a href="../img/FlipkartWebOrderVerification_1k1d2o3fa72db57470.png" target="_blank">[View Screenshot]</a> </div></div></div>]]>
    </line>
    <line>
      <![CDATA[<div style="display:block;margin-left:10px;"><div  class="teststeppass"><span class="teststeppass-label">T </span>Given user is on flipkart homepage</div><div style="display:block;margin-left:10px;"><div  class="pass"><span class="pass-label">P </span>
Expected: a string containing "Online Shopping Site for Mobiles, Fashion, Books, Electronics, Home Appliances and More"
     Actual: was "Online Shopping Site for Mobiles, Fashion, Books, Electronics, Home Appliances and More" <a href="../img/FlipKartWebOrderVerificationDataDriven_x3s6ac3ut9ef57471.png" target="_blank">[View Screenshot]</a> </div></div><div  class="teststeppass"><span class="teststeppass-label">T </span>When user selects product 24 and below from 'TVs & Appliances' category</div><div  class="teststeppass"><span class="teststeppass-label">T </span>Then user should see product results</div><div style="display:block;margin-left:10px;"><div  class="pass"><span class="pass-label">P </span>
Expected: a value greater than &lt;0&gt;
     Actual: &lt;24&gt; was greater than &lt;0&gt; <a href="../img/FlipKartWebOrderVerificationDataDriven_qnks1euiypx057472.png" target="_blank">[View Screenshot]</a> </div></div><div  class="teststeppass"><span class="teststeppass-label">T </span>When user select sortby Price -- High to Low</div><div  class="teststeppass"><span class="teststeppass-label">T </span>And user select filterby Sony brand</div><div  class="teststeppass"><span class="teststeppass-label">T </span>Then user should see only product results</div><div style="display:block;margin-left:10px;"><div  class="pass"><span class="pass-label">P </span>
Expected: not &lt;34&gt;
     Actual: was &lt;2&gt; <a href="../img/FlipKartWebOrderVerificationDataDriven_13sapbd99rviq57473.png" target="_blank">[View Screenshot]</a> </div></div><div  class="teststeppass"><span class="teststeppass-label">T </span>When user selects 1 product from product list</div><div style="display:block;margin-left:10px;"><div  class="pass"><span class="pass-label">P </span>
Expected: &lt;true&gt;
     Actual: was &lt;true&gt; <a href="../img/FlipKartWebOrderVerificationDataDriven_11t5226qw5m7857474.png" target="_blank">[View Screenshot]</a> </div></div><div  class="teststeppass"><span class="teststeppass-label">T </span>Then user should see product details matching correctly</div><div style="display:block;margin-left:10px;"><div  class="pass"><span class="pass-label">P </span>
Expected: a string containing "Sony 59.9cm (24 inch) WXGA LED TV"
     Actual: was "Sony 59.9cm (24 inch) WXGA LED TV  (BRAVIA KLV-24P413D)" <a href="../img/FlipKartWebOrderVerificationDataDriven_1axz6n6sk0zdb57475.png" target="_blank">[View Screenshot]</a> </div><div  class="pass"><span class="pass-label">P </span>
Expected: a string containing "₹11,999"
     Actual: was "₹11,999" <a href="../img/FlipKartWebOrderVerificationDataDriven_1545e36e74cf657476.png" target="_blank">[View Screenshot]</a> </div></div><div  class="teststeppass"><span class="teststeppass-label">T </span>When user selects view details</div><div style="display:block;margin-left:10px;"><div  class="pass"><span class="pass-label">P </span>
Expected: &lt;true&gt;
     Actual: was &lt;true&gt; <a href="../img/FlipKartWebOrderVerificationDataDriven_m8c576qi69yp57477.png" target="_blank">[View Screenshot]</a> </div></div><div  class="teststeppass"><span class="teststeppass-label">T </span>Then user should see flipkart assured</div><div style="display:block;margin-left:10px;"><div  class="pass"><span class="pass-label">P </span>
Expected: &lt;true&gt;
     Actual: was &lt;true&gt; <a href="../img/FlipKartWebOrderVerificationDataDriven_2k36jjhpyi2j57478.png" target="_blank">[View Screenshot]</a> </div></div><div  class="teststeppass"><span class="teststeppass-label">T </span>When user selects add to cart</div><div  class="teststeppass"><span class="teststeppass-label">T </span>Then product has been added to the cart</div><div style="display:block;margin-left:10px;"><div  class="pass"><span class="pass-label">P </span>
Expected: a value greater than &lt;0&gt;
     Actual: &lt;2&gt; was greater than &lt;0&gt; <a href="../img/FlipKartWebOrderVerificationDataDriven_njbqwucmansk57479.png" target="_blank">[View Screenshot]</a> </div><div  class="pass"><span class="pass-label">P </span>
Expected: a string containing "Sony 59.9cm (24 inch) WXGA LED TV"
     Actual: was "Sony 59.9cm (24 inch) WXGA LED TV" <a href="../img/FlipKartWebOrderVerificationDataDriven_qpcm1hi5cw6a57480.png" target="_blank">[View Screenshot]</a> </div><div  class="pass"><span class="pass-label">P </span>
Expected: a string containing "₹11,999"
     Actual: was "₹11,999" <a href="../img/FlipKartWebOrderVerificationDataDriven_vey99zyg8ynu57481.png" target="_blank">[View Screenshot]</a> </div></div></div>]]>
    </line>
    <line>
      <![CDATA[<div style="display:block;margin-left:10px;"><div  class="teststeppass"><span class="teststeppass-label">T </span>Given user is on flipkart homepage</div><div style="display:block;margin-left:10px;"><div  class="pass"><span class="pass-label">P </span>
Expected: a string containing "Online Shopping Site for Mobiles, Fashion, Books, Electronics, Home Appliances and More"
     Actual: was "Online Shopping Site for Mobiles, Fashion, Books, Electronics, Home Appliances and More" <a href="../img/FlipKartWebOrderVerificationDataDriven_185yaia3s9ga157482.png" target="_blank">[View Screenshot]</a> </div></div><div  class="teststeppass"><span class="teststeppass-label">T </span>When user selects product Single Door from 'TVs & Appliances' category</div><div  class="teststeppass"><span class="teststeppass-label">T </span>Then user should see product results</div><div style="display:block;margin-left:10px;"><div  class="pass"><span class="pass-label">P </span>
Expected: a value greater than &lt;0&gt;
     Actual: &lt;24&gt; was greater than &lt;0&gt; <a href="../img/FlipKartWebOrderVerificationDataDriven_1rt0jmq6enwle57483.png" target="_blank">[View Screenshot]</a> </div></div><div  class="teststeppass"><span class="teststeppass-label">T </span>When user select sortby Newest First</div><div  class="teststeppass"><span class="teststeppass-label">T </span>And user select filterby LG brand</div><div  class="teststeppass"><span class="teststeppass-label">T </span>Then user should see only product results</div><div style="display:block;margin-left:10px;"><div  class="pass"><span class="pass-label">P </span>
Expected: not &lt;189&gt;
     Actual: was &lt;36&gt; <a href="../img/FlipKartWebOrderVerificationDataDriven_1oagbwg5b4r4e57484.png" target="_blank">[View Screenshot]</a> </div></div><div  class="teststeppass"><span class="teststeppass-label">T </span>When user selects 1 product from product list</div><div style="display:block;margin-left:10px;"><div  class="pass"><span class="pass-label">P </span>
Expected: &lt;true&gt;
     Actual: was &lt;true&gt; <a href="../img/FlipKartWebOrderVerificationDataDriven_15wl58eni95u957485.png" target="_blank">[View Screenshot]</a> </div></div><div  class="teststeppass"><span class="teststeppass-label">T </span>Then user should see product details matching correctly</div><div style="display:block;margin-left:10px;"><div  class="pass"><span class="pass-label">P </span>
Expected: a string containing "LG 190 L Direct Cool Single Door 3 Star Refrigerator"
     Actual: was "LG 190 L Direct Cool Single Door 3 Star Refrigerator  (Marine Heart, GL-B201AMHC)" <a href="../img/FlipKartWebOrderVerificationDataDriven_1v05zuqtccyor57486.png" target="_blank">[View Screenshot]</a> </div><div  class="pass"><span class="pass-label">P </span>
Expected: a string containing "₹13,299"
     Actual: was "₹13,299" <a href="../img/FlipKartWebOrderVerificationDataDriven_n4ttige4nb3757487.png" target="_blank">[View Screenshot]</a> </div></div><div  class="teststeppass"><span class="teststeppass-label">T </span>When user selects view details</div><div style="display:block;margin-left:10px;"><div  class="pass"><span class="pass-label">P </span>
Expected: &lt;true&gt;
     Actual: was &lt;true&gt; <a href="../img/FlipKartWebOrderVerificationDataDriven_1u5x5wyy1rjd257488.png" target="_blank">[View Screenshot]</a> </div></div><div  class="teststeppass"><span class="teststeppass-label">T </span>Then user should see flipkart assured</div><div style="display:block;margin-left:10px;"><div  class="pass"><span class="pass-label">P </span>
Expected: &lt;true&gt;
     Actual: was &lt;true&gt; <a href="../img/FlipKartWebOrderVerificationDataDriven_1b19zfvkzdo8f57489.png" target="_blank">[View Screenshot]</a> </div></div><div  class="teststeppass"><span class="teststeppass-label">T </span>When user selects add to cart</div><div  class="teststeppass"><span class="teststeppass-label">T </span>Then product has been added to the cart</div><div style="display:block;margin-left:10px;"><div  class="pass"><span class="pass-label">P </span>
Expected: a value greater than &lt;0&gt;
     Actual: &lt;3&gt; was greater than &lt;0&gt; <a href="../img/FlipKartWebOrderVerificationDataDriven_14carrba2f5dk57490.png" target="_blank">[View Screenshot]</a> </div><div  class="pass"><span class="pass-label">P </span>
Expected: a string containing "LG 190 L Direct Cool Single Door 3 Star Refrigerator"
     Actual: was "LG 190 L Direct Cool Single Door 3 Star Refrigerator" <a href="../img/FlipKartWebOrderVerificationDataDriven_r1isxucl62s557491.png" target="_blank">[View Screenshot]</a> </div><div  class="pass"><span class="pass-label">P </span>
Expected: a string containing "₹13,299"
     Actual: was "₹13,299" <a href="../img/FlipKartWebOrderVerificationDataDriven_bf0xpufjbkmi57492.png" target="_blank">[View Screenshot]</a> </div></div></div>]]>
    </line>
    <line>
      <![CDATA[<div style="display:block;margin-left:10px;"><div  class="teststeppass"><span class="teststeppass-label">T </span>Given user is on flipkart homepage</div><div style="display:block;margin-left:10px;"><div  class="pass"><span class="pass-label">P </span>
Expected: a string containing "Online Shopping Site for Mobiles, Fashion, Books, Electronics, Home Appliances and More"
     Actual: was "Online Shopping Site for Mobiles, Fashion, Books, Electronics, Home Appliances and More" <a href="../img/FlipKartWebOrderVerificationDataDriven_175ikyoxcr91h57493.png" target="_blank">[View Screenshot]</a> </div></div><div  class="teststeppass"><span class="teststeppass-label">T </span>When user selects product Semi Automatic Top Load from 'TVs & Appliances' category</div><div  class="teststeppass"><span class="teststeppass-label">T </span>Then user should see product results</div><div style="display:block;margin-left:10px;"><div  class="pass"><span class="pass-label">P </span>
Expected: a value greater than &lt;0&gt;
     Actual: &lt;23&gt; was greater than &lt;0&gt; <a href="../img/FlipKartWebOrderVerificationDataDriven_11h25q13khx1457494.png" target="_blank">[View Screenshot]</a> </div></div><div  class="teststeppass"><span class="teststeppass-label">T </span>When user select sortby Price -- Low to High</div><div  class="teststeppass"><span class="teststeppass-label">T </span>And user select filterby Godrej brand</div><div  class="teststeppass"><span class="teststeppass-label">T </span>Then user should see only product results</div><div style="display:block;margin-left:10px;"><div  class="pass"><span class="pass-label">P </span>
Expected: not &lt;110&gt;
     Actual: was &lt;17&gt; <a href="../img/FlipKartWebOrderVerificationDataDriven_1uod0dqrrx0pt57495.png" target="_blank">[View Screenshot]</a> </div></div><div  class="teststeppass"><span class="teststeppass-label">T </span>When user selects 2 product from product list</div><div style="display:block;margin-left:10px;"><div  class="pass"><span class="pass-label">P </span>
Expected: &lt;true&gt;
     Actual: was &lt;true&gt; <a href="../img/FlipKartWebOrderVerificationDataDriven_1sr25t7lkfad157496.png" target="_blank">[View Screenshot]</a> </div></div><div  class="teststeppass"><span class="teststeppass-label">T </span>Then user should see product details matching correctly</div><div style="display:block;margin-left:10px;"><div  class="pass"><span class="pass-label">P </span>
Expected: a string containing "Godrej Semi Automatic Top Load"
     Actual: was "Godrej Semi Automatic Top Load  (GWS 6204 PPD TWIN TUB)" <a href="../img/FlipKartWebOrderVerificationDataDriven_yhzi4ufzwem357497.png" target="_blank">[View Screenshot]</a> </div><div  class="pass"><span class="pass-label">P </span>
Expected: a string containing "₹9,850"
     Actual: was "₹9,850" <a href="../img/FlipKartWebOrderVerificationDataDriven_15ew72u1za5k857498.png" target="_blank">[View Screenshot]</a> </div></div><div  class="teststeppass"><span class="teststeppass-label">T </span>When user selects view details</div><div style="display:block;margin-left:10px;"><div  class="pass"><span class="pass-label">P </span>
Expected: &lt;true&gt;
     Actual: was &lt;true&gt; <a href="../img/FlipKartWebOrderVerificationDataDriven_juab7p9noc1h57499.png" target="_blank">[View Screenshot]</a> </div></div><div  class="teststeppass"><span class="teststeppass-label">T </span>Then user should see flipkart assured</div><div style="display:block;margin-left:10px;"><div  class="pass"><span class="pass-label">P </span>
Expected: &lt;true&gt;
     Actual: was &lt;true&gt; <a href="../img/FlipKartWebOrderVerificationDataDriven_1119rk5fvj9rl57500.png" target="_blank">[View Screenshot]</a> </div></div><div  class="teststeppass"><span class="teststeppass-label">T </span>When user selects add to cart</div><div  class="teststeppass"><span class="teststeppass-label">T </span>Then product has been added to the cart</div><div style="display:block;margin-left:10px;"><div  class="pass"><span class="pass-label">P </span>
Expected: a value greater than &lt;0&gt;
     Actual: &lt;4&gt; was greater than &lt;0&gt; <a href="../img/FlipKartWebOrderVerificationDataDriven_sr39b0qimvgn57501.png" target="_blank">[View Screenshot]</a> </div><div  class="pass"><span class="pass-label">P </span>
Expected: a string containing "Godrej Semi Automatic Top Load"
     Actual: was "Godrej Semi Automatic Top Load" <a href="../img/FlipKartWebOrderVerificationDataDriven_1k9bofm64r63p57502.png" target="_blank">[View Screenshot]</a> </div><div  class="pass"><span class="pass-label">P </span>
Expected: a string containing "₹9,850"
     Actual: was "₹9,850" <a href="../img/FlipKartWebOrderVerificationDataDriven_16cfmwjmtfbmi57503.png" target="_blank">[View Screenshot]</a> </div></div></div>]]>
    </line>
  </reporter-output>
  <suite name="QAS Demo" duration-ms="78909" started-at="2018-02-02T11:48:18Z" finished-at="2018-02-02T11:49:37Z">
    <groups>
      <group name="P1">
        <method signature="scenarios.FlipKartOrderVerification.bdd.FlipKartWebOrderVerificationDataDriven( java.util.Map)[pri:1001, instance:com.qmetry.qaf.automation.step.client.DataDrivenScenario@3e9]" name="FlipKartWebOrderVerificationDataDriven" class="com.qmetry.qaf.automation.step.client.DataDrivenScenario"/>
        <method signature="scenarios.FlipKartOrderVerification.bdd.FlipkartWebOrderVerification()[pri:1000, instance:com.qmetry.qaf.automation.step.client.Scenario@3e8]" name="FlipkartWebOrderVerification" class="com.qmetry.qaf.automation.step.client.Scenario"/>
      </group> <!-- P1 -->
      <group name="P2">
        <method signature="scenarios.FlipKartOrderVerification.bdd.FlipKartWebOrderVerificationDataDriven( java.util.Map)[pri:1001, instance:com.qmetry.qaf.automation.step.client.DataDrivenScenario@3e9]" name="FlipKartWebOrderVerificationDataDriven" class="com.qmetry.qaf.automation.step.client.DataDrivenScenario"/>
        <method signature="scenarios.FlipKartOrderVerification.bdd.FlipkartWebOrderVerification()[pri:1000, instance:com.qmetry.qaf.automation.step.client.Scenario@3e8]" name="FlipkartWebOrderVerification" class="com.qmetry.qaf.automation.step.client.Scenario"/>
      </group> <!-- P2 -->
      <group name="SMOKE">
        <method signature="scenarios.FlipKartOrderVerification.bdd.FlipKartWebOrderVerificationDataDriven( java.util.Map)[pri:1001, instance:com.qmetry.qaf.automation.step.client.DataDrivenScenario@3e9]" name="FlipKartWebOrderVerificationDataDriven" class="com.qmetry.qaf.automation.step.client.DataDrivenScenario"/>
        <method signature="scenarios.FlipKartOrderVerification.bdd.FlipkartWebOrderVerification()[pri:1000, instance:com.qmetry.qaf.automation.step.client.Scenario@3e8]" name="FlipkartWebOrderVerification" class="com.qmetry.qaf.automation.step.client.Scenario"/>
      </group> <!-- SMOKE -->
    </groups>
    <test name="BDD Test" duration-ms="78909" started-at="2018-02-02T11:48:18Z" finished-at="2018-02-02T11:49:37Z">
      <class name="com.qmetry.qaf.automation.step.client.Scenario">
        <test-method status="PASS" signature="setupSuit(org.testng.ITestContext)[pri:0, instance:com.qmetry.qaf.automation.step.client.Scenario@3e8]" test-instance-name="FlipkartWebOrderVerification" name="setupSuit" is-config="true" duration-ms="15" started-at="2018-02-02T17:18:18Z" finished-at="2018-02-02T17:18:18Z">
          <params>
            <param index="0">
              <value>
                <![CDATA[org.testng.TestRunner@6c80d78a]]>
              </value>
            </param>
          </params>
          <reporter-output>
          </reporter-output>
        </test-method> <!-- setupSuit -->
        <test-method status="PASS" signature="setupTest(org.testng.ITestContext)[pri:0, instance:com.qmetry.qaf.automation.step.client.Scenario@3e8]" test-instance-name="FlipkartWebOrderVerification" name="setupTest" is-config="true" duration-ms="0" started-at="2018-02-02T17:18:18Z" finished-at="2018-02-02T17:18:18Z">
          <params>
            <param index="0">
              <value>
                <![CDATA[org.testng.TestRunner@6c80d78a]]>
              </value>
            </param>
          </params>
          <reporter-output>
          </reporter-output>
        </test-method> <!-- setupTest -->
        <test-method status="PASS" signature="FlipkartWebOrderVerification()[pri:1000, instance:com.qmetry.qaf.automation.step.client.Scenario@3e8]" test-instance-name="FlipkartWebOrderVerification" name="FlipkartWebOrderVerification" duration-ms="26242" started-at="2018-02-02T17:18:18Z" description="end to end" finished-at="2018-02-02T17:18:44Z">
          <reporter-output>
            <line>
              <![CDATA[<div style="display:block;margin-left:10px;"><div  class="teststeppass"><span class="teststeppass-label">T </span>Given user is on flipkart homepage</div><div style="display:block;margin-left:10px;"><div  class="pass"><span class="pass-label">P </span>
Expected: a string containing "Online Shopping Site for Mobiles, Fashion, Books, Electronics, Home Appliances and More"
     Actual: was "Online Shopping Site for Mobiles, Fashion, Books, Electronics, Home Appliances and More" <a href="../img/FlipkartWebOrderVerification_1akboqdv3aq6b57460.png" target="_blank">[View Screenshot]</a> </div></div><div  class="teststeppass"><span class="teststeppass-label">T </span>When user selects product 'Smart & Ultra HD' from 'TVs & Appliances' category</div><div  class="teststeppass"><span class="teststeppass-label">T </span>Then user should see product results</div><div style="display:block;margin-left:10px;"><div  class="pass"><span class="pass-label">P </span>
Expected: a value greater than &lt;0&gt;
     Actual: &lt;24&gt; was greater than &lt;0&gt; <a href="../img/FlipkartWebOrderVerification_sdcgj3i1e35w57461.png" target="_blank">[View Screenshot]</a> </div></div><div  class="teststeppass"><span class="teststeppass-label">T </span>When user select sortby 'Price -- High to Low'</div><div  class="teststeppass"><span class="teststeppass-label">T </span>And user select filterby 'Vu' brand</div><div  class="teststeppass"><span class="teststeppass-label">T </span>Then user should see only product results</div><div style="display:block;margin-left:10px;"><div  class="pass"><span class="pass-label">P </span>
Expected: not &lt;110&gt;
     Actual: was &lt;10&gt; <a href="../img/FlipkartWebOrderVerification_134zmt8awkvnb57462.png" target="_blank">[View Screenshot]</a> </div></div><div  class="teststeppass"><span class="teststeppass-label">T </span>When user selects '0' product from product list</div><div style="display:block;margin-left:10px;"><div  class="pass"><span class="pass-label">P </span>
Expected: &lt;true&gt;
     Actual: was &lt;true&gt; <a href="../img/FlipkartWebOrderVerification_ufzat5ovlqs57463.png" target="_blank">[View Screenshot]</a> </div></div><div  class="teststeppass"><span class="teststeppass-label">T </span>Then user should see product details matching correctly</div><div style="display:block;margin-left:10px;"><div  class="pass"><span class="pass-label">P </span>
Expected: a string containing "Vu 189cm (75 inch) Ultra HD (4K) QLED Smart TV"
     Actual: was "Vu 189cm (75 inch) Ultra HD (4K) QLED Smart TV  (H75K800)" <a href="../img/FlipkartWebOrderVerification_78djripl8lm957464.png" target="_blank">[View Screenshot]</a> </div><div  class="pass"><span class="pass-label">P </span>
Expected: a string containing "₹3,19,999"
     Actual: was "₹3,19,999" <a href="../img/FlipkartWebOrderVerification_g1jayugxk9zt57465.png" target="_blank">[View Screenshot]</a> </div></div><div  class="teststeppass"><span class="teststeppass-label">T </span>When user selects view details</div><div style="display:block;margin-left:10px;"><div  class="pass"><span class="pass-label">P </span>
Expected: &lt;true&gt;
     Actual: was &lt;true&gt; <a href="../img/FlipkartWebOrderVerification_pbfn72ae0s857466.png" target="_blank">[View Screenshot]</a> </div></div><div  class="teststeppass"><span class="teststeppass-label">T </span>Then user should see 'flipkart assured'</div><div style="display:block;margin-left:10px;"><div  class="pass"><span class="pass-label">P </span>
Expected: &lt;true&gt;
     Actual: was &lt;true&gt; <a href="../img/FlipkartWebOrderVerification_frrhp79eg4cq57467.png" target="_blank">[View Screenshot]</a> </div></div><div  class="teststeppass"><span class="teststeppass-label">T </span>When user selects add to cart</div><div  class="teststeppass"><span class="teststeppass-label">T </span>Then product has been added to the cart</div><div style="display:block;margin-left:10px;"><div  class="pass"><span class="pass-label">P </span>
Expected: a value greater than &lt;0&gt;
     Actual: &lt;1&gt; was greater than &lt;0&gt; <a href="../img/FlipkartWebOrderVerification_xa4dy4hdip6257468.png" target="_blank">[View Screenshot]</a> </div><div  class="pass"><span class="pass-label">P </span>
Expected: a string containing "Vu 189cm (75 inch) Ultra HD (4K) QLED Smart TV"
     Actual: was "Vu 189cm (75 inch) Ultra HD (4K) QLED Smart TV" <a href="../img/FlipkartWebOrderVerification_8rzxa3ii94ug57469.png" target="_blank">[View Screenshot]</a> </div><div  class="pass"><span class="pass-label">P </span>
Expected: a string containing "₹3,19,999"
     Actual: was "₹3,19,999" <a href="../img/FlipkartWebOrderVerification_1k1d2o3fa72db57470.png" target="_blank">[View Screenshot]</a> </div></div></div>]]>
            </line>
          </reporter-output>
        </test-method> <!-- FlipkartWebOrderVerification -->
        <test-method status="PASS" signature="setupMethod(java.lang.reflect.Method, org.testng.ITestContext)[pri:0, instance:com.qmetry.qaf.automation.step.client.Scenario@3e8]" test-instance-name="FlipkartWebOrderVerification" name="setupMethod" is-config="true" duration-ms="0" started-at="2018-02-02T17:18:18Z" finished-at="2018-02-02T17:18:18Z">
          <params>
            <param index="0">
              <value>
                <![CDATA[public void com.qmetry.qaf.automation.step.client.Scenario.scenario()]]>
              </value>
            </param>
            <param index="1">
              <value>
                <![CDATA[org.testng.TestRunner@6c80d78a]]>
              </value>
            </param>
          </params>
          <reporter-output>
          </reporter-output>
        </test-method> <!-- setupMethod -->
        <test-method status="PASS" signature="setup(org.testng.ITestContext)[pri:0, instance:com.qmetry.qaf.automation.step.client.Scenario@3e8]" test-instance-name="FlipkartWebOrderVerification" name="setup" is-config="true" duration-ms="0" started-at="2018-02-02T17:18:18Z" finished-at="2018-02-02T17:18:18Z">
          <params>
            <param index="0">
              <value>
                <![CDATA[org.testng.TestRunner@6c80d78a]]>
              </value>
            </param>
          </params>
          <reporter-output>
          </reporter-output>
        </test-method> <!-- setup -->
        <test-method status="PASS" signature="afterClass(org.testng.ITestContext)[pri:0, instance:com.qmetry.qaf.automation.step.client.Scenario@3e8]" test-instance-name="FlipkartWebOrderVerification" name="afterClass" is-config="true" duration-ms="1" started-at="2018-02-02T17:18:44Z" finished-at="2018-02-02T17:18:44Z">
          <params>
            <param index="0">
              <value>
                <![CDATA[org.testng.TestRunner@6c80d78a]]>
              </value>
            </param>
          </params>
          <reporter-output>
          </reporter-output>
        </test-method> <!-- afterClass -->
        <test-method status="PASS" signature="afterMethod(org.testng.ITestContext, org.testng.ITestResult)[pri:0, instance:com.qmetry.qaf.automation.step.client.Scenario@3e8]" test-instance-name="FlipkartWebOrderVerification" name="afterMethod" is-config="true" duration-ms="0" started-at="2018-02-02T17:18:44Z" finished-at="2018-02-02T17:18:44Z">
          <params>
            <param index="0">
              <value>
                <![CDATA[org.testng.TestRunner@6c80d78a]]>
              </value>
            </param>
            <param index="1">
              <value>
                <![CDATA[[TestResult name=FlipkartWebOrderVerification status=SUCCESS method=scenarios.FlipKartOrderVerification.bdd.FlipkartWebOrderVerification()[pri:1000, instance:com.qmetry.qaf.automation.step.client.Scenario@3e8] output=<div style="display:block;margin-left:10px;"><div  class="teststeppass"><span class="teststeppass-label">T </span>Given user is on flipkart homepage</div><div style="display:block;margin-left:10px;"><div  class="pass"><span class="pass-label">P </span>
Expected: a string containing "Online Shopping Site for Mobiles, Fashion, Books, Electronics, Home Appliances and More"
     Actual: was "Online Shopping Site for Mobiles, Fashion, Books, Electronics, Home Appliances and More" <a href="../img/FlipkartWebOrderVerification_1akboqdv3aq6b57460.png" target="_blank">[View Screenshot]</a> </div></div><div  class="teststeppass"><span class="teststeppass-label">T </span>When user selects product 'Smart & Ultra HD' from 'TVs & Appliances' category</div><div  class="teststeppass"><span class="teststeppass-label">T </span>Then user should see product results</div><div style="display:block;margin-left:10px;"><div  class="pass"><span class="pass-label">P </span>
Expected: a value greater than &lt;0&gt;
     Actual: &lt;24&gt; was greater than &lt;0&gt; <a href="../img/FlipkartWebOrderVerification_sdcgj3i1e35w57461.png" target="_blank">[View Screenshot]</a> </div></div><div  class="teststeppass"><span class="teststeppass-label">T </span>When user select sortby 'Price -- High to Low'</div><div  class="teststeppass"><span class="teststeppass-label">T </span>And user select filterby 'Vu' brand</div><div  class="teststeppass"><span class="teststeppass-label">T </span>Then user should see only product results</div><div style="display:block;margin-left:10px;"><div  class="pass"><span class="pass-label">P </span>
Expected: not &lt;110&gt;
     Actual: was &lt;10&gt; <a href="../img/FlipkartWebOrderVerification_134zmt8awkvnb57462.png" target="_blank">[View Screenshot]</a> </div></div><div  class="teststeppass"><span class="teststeppass-label">T </span>When user selects '0' product from product list</div><div style="display:block;margin-left:10px;"><div  class="pass"><span class="pass-label">P </span>
Expected: &lt;true&gt;
     Actual: was &lt;true&gt; <a href="../img/FlipkartWebOrderVerification_ufzat5ovlqs57463.png" target="_blank">[View Screenshot]</a> </div></div><div  class="teststeppass"><span class="teststeppass-label">T </span>Then user should see product details matching correctly</div><div style="display:block;margin-left:10px;"><div  class="pass"><span class="pass-label">P </span>
Expected: a string containing "Vu 189cm (75 inch) Ultra HD (4K) QLED Smart TV"
     Actual: was "Vu 189cm (75 inch) Ultra HD (4K) QLED Smart TV  (H75K800)" <a href="../img/FlipkartWebOrderVerification_78djripl8lm957464.png" target="_blank">[View Screenshot]</a> </div><div  class="pass"><span class="pass-label">P </span>
Expected: a string containing "₹3,19,999"
     Actual: was "₹3,19,999" <a href="../img/FlipkartWebOrderVerification_g1jayugxk9zt57465.png" target="_blank">[View Screenshot]</a> </div></div><div  class="teststeppass"><span class="teststeppass-label">T </span>When user selects view details</div><div style="display:block;margin-left:10px;"><div  class="pass"><span class="pass-label">P </span>
Expected: &lt;true&gt;
     Actual: was &lt;true&gt; <a href="../img/FlipkartWebOrderVerification_pbfn72ae0s857466.png" target="_blank">[View Screenshot]</a> </div></div><div  class="teststeppass"><span class="teststeppass-label">T </span>Then user should see 'flipkart assured'</div><div style="display:block;margin-left:10px;"><div  class="pass"><span class="pass-label">P </span>
Expected: &lt;true&gt;
     Actual: was &lt;true&gt; <a href="../img/FlipkartWebOrderVerification_frrhp79eg4cq57467.png" target="_blank">[View Screenshot]</a> </div></div><div  class="teststeppass"><span class="teststeppass-label">T </span>When user selects add to cart</div><div  class="teststeppass"><span class="teststeppass-label">T </span>Then product has been added to the cart</div><div style="display:block;margin-left:10px;"><div  class="pass"><span class="pass-label">P </span>
Expected: a value greater than &lt;0&gt;
     Actual: &lt;1&gt; was greater than &lt;0&gt; <a href="../img/FlipkartWebOrderVerification_xa4dy4hdip6257468.png" target="_blank">[View Screenshot]</a> </div><div  class="pass"><span class="pass-label">P </span>
Expected: a string containing "Vu 189cm (75 inch) Ultra HD (4K) QLED Smart TV"
     Actual: was "Vu 189cm (75 inch) Ultra HD (4K) QLED Smart TV" <a href="../img/FlipkartWebOrderVerification_8rzxa3ii94ug57469.png" target="_blank">[View Screenshot]</a> </div><div  class="pass"><span class="pass-label">P </span>
Expected: a string containing "₹3,19,999"
     Actual: was "₹3,19,999" <a href="../img/FlipkartWebOrderVerification_1k1d2o3fa72db57470.png" target="_blank">[View Screenshot]</a> </div></div></div>]]]>
              </value>
            </param>
          </params>
          <reporter-output>
          </reporter-output>
        </test-method> <!-- afterMethod -->
        <test-method status="PASS" signature="afterTest(org.testng.ITestContext)[pri:0, instance:com.qmetry.qaf.automation.step.client.Scenario@3e8]" test-instance-name="FlipkartWebOrderVerification" name="afterTest" is-config="true" duration-ms="70" started-at="2018-02-02T17:19:37Z" finished-at="2018-02-02T17:19:37Z">
          <params>
            <param index="0">
              <value>
                <![CDATA[org.testng.TestRunner@6c80d78a]]>
              </value>
            </param>
          </params>
          <reporter-output>
          </reporter-output>
        </test-method> <!-- afterTest -->
        <test-method status="PASS" signature="afterSuit(org.testng.ITestContext)[pri:0, instance:com.qmetry.qaf.automation.step.client.Scenario@3e8]" test-instance-name="FlipkartWebOrderVerification" name="afterSuit" is-config="true" duration-ms="1" started-at="2018-02-02T17:19:37Z" finished-at="2018-02-02T17:19:37Z">
          <params>
            <param index="0">
              <value>
                <![CDATA[org.testng.TestRunner@6c80d78a]]>
              </value>
            </param>
          </params>
          <reporter-output>
          </reporter-output>
        </test-method> <!-- afterSuit -->
      </class> <!-- com.qmetry.qaf.automation.step.client.Scenario -->
      <class name="com.qmetry.qaf.automation.step.client.DataDrivenScenario">
        <test-method status="PASS" signature="setup(org.testng.ITestContext)[pri:0, instance:com.qmetry.qaf.automation.step.client.DataDrivenScenario@3e9]" test-instance-name="FlipKartWebOrderVerificationDataDriven" name="setup" is-config="true" duration-ms="1" started-at="2018-02-02T17:18:44Z" finished-at="2018-02-02T17:18:44Z">
          <params>
            <param index="0">
              <value>
                <![CDATA[org.testng.TestRunner@6c80d78a]]>
              </value>
            </param>
          </params>
          <reporter-output>
          </reporter-output>
        </test-method> <!-- setup -->
        <test-method status="PASS" signature="setupMethod(java.lang.reflect.Method, org.testng.ITestContext)[pri:0, instance:com.qmetry.qaf.automation.step.client.DataDrivenScenario@3e9]" test-instance-name="FlipKartWebOrderVerificationDataDriven" name="setupMethod" is-config="true" duration-ms="1" started-at="2018-02-02T17:18:44Z" finished-at="2018-02-02T17:18:44Z">
          <params>
            <param index="0">
              <value>
                <![CDATA[public void com.qmetry.qaf.automation.step.client.DataDrivenScenario.scenario(java.util.Map)]]>
              </value>
            </param>
            <param index="1">
              <value>
                <![CDATA[org.testng.TestRunner@6c80d78a]]>
              </value>
            </param>
          </params>
          <reporter-output>
          </reporter-output>
        </test-method> <!-- setupMethod -->
        <test-method name="FlipKartWebOrderVerificationDataDriven" test-instance-name="FlipKartWebOrderVerificationDataDriven" signature="FlipKartWebOrderVerificationDataDriven( java.util.Map)[pri:1001, instance:com.qmetry.qaf.automation.step.client.DataDrivenScenario@3e9]" status="PASS" duration-ms="17505" finished-at="2018-02-02T17:19:01Z" started-at="2018-02-02T17:18:44Z" data-provider="scenariodp" description="end to end data driven">
          <params>
            <param index="0">
              <value>
                <![CDATA[{mainCategory=Appliances, subCategory=24 and below, sortby=Price -- High to Low, filterBy=Sony, productNumber=1, assured=flipkart assured}]]>
              </value>
            </param>
          </params>
          <reporter-output>
            <line>
              <![CDATA[<div style="display:block;margin-left:10px;"><div  class="teststeppass"><span class="teststeppass-label">T </span>Given user is on flipkart homepage</div><div style="display:block;margin-left:10px;"><div  class="pass"><span class="pass-label">P </span>
Expected: a string containing "Online Shopping Site for Mobiles, Fashion, Books, Electronics, Home Appliances and More"
     Actual: was "Online Shopping Site for Mobiles, Fashion, Books, Electronics, Home Appliances and More" <a href="../img/FlipKartWebOrderVerificationDataDriven_x3s6ac3ut9ef57471.png" target="_blank">[View Screenshot]</a> </div></div><div  class="teststeppass"><span class="teststeppass-label">T </span>When user selects product 24 and below from 'TVs & Appliances' category</div><div  class="teststeppass"><span class="teststeppass-label">T </span>Then user should see product results</div><div style="display:block;margin-left:10px;"><div  class="pass"><span class="pass-label">P </span>
Expected: a value greater than &lt;0&gt;
     Actual: &lt;24&gt; was greater than &lt;0&gt; <a href="../img/FlipKartWebOrderVerificationDataDriven_qnks1euiypx057472.png" target="_blank">[View Screenshot]</a> </div></div><div  class="teststeppass"><span class="teststeppass-label">T </span>When user select sortby Price -- High to Low</div><div  class="teststeppass"><span class="teststeppass-label">T </span>And user select filterby Sony brand</div><div  class="teststeppass"><span class="teststeppass-label">T </span>Then user should see only product results</div><div style="display:block;margin-left:10px;"><div  class="pass"><span class="pass-label">P </span>
Expected: not &lt;34&gt;
     Actual: was &lt;2&gt; <a href="../img/FlipKartWebOrderVerificationDataDriven_13sapbd99rviq57473.png" target="_blank">[View Screenshot]</a> </div></div><div  class="teststeppass"><span class="teststeppass-label">T </span>When user selects 1 product from product list</div><div style="display:block;margin-left:10px;"><div  class="pass"><span class="pass-label">P </span>
Expected: &lt;true&gt;
     Actual: was &lt;true&gt; <a href="../img/FlipKartWebOrderVerificationDataDriven_11t5226qw5m7857474.png" target="_blank">[View Screenshot]</a> </div></div><div  class="teststeppass"><span class="teststeppass-label">T </span>Then user should see product details matching correctly</div><div style="display:block;margin-left:10px;"><div  class="pass"><span class="pass-label">P </span>
Expected: a string containing "Sony 59.9cm (24 inch) WXGA LED TV"
     Actual: was "Sony 59.9cm (24 inch) WXGA LED TV  (BRAVIA KLV-24P413D)" <a href="../img/FlipKartWebOrderVerificationDataDriven_1axz6n6sk0zdb57475.png" target="_blank">[View Screenshot]</a> </div><div  class="pass"><span class="pass-label">P </span>
Expected: a string containing "₹11,999"
     Actual: was "₹11,999" <a href="../img/FlipKartWebOrderVerificationDataDriven_1545e36e74cf657476.png" target="_blank">[View Screenshot]</a> </div></div><div  class="teststeppass"><span class="teststeppass-label">T </span>When user selects view details</div><div style="display:block;margin-left:10px;"><div  class="pass"><span class="pass-label">P </span>
Expected: &lt;true&gt;
     Actual: was &lt;true&gt; <a href="../img/FlipKartWebOrderVerificationDataDriven_m8c576qi69yp57477.png" target="_blank">[View Screenshot]</a> </div></div><div  class="teststeppass"><span class="teststeppass-label">T </span>Then user should see flipkart assured</div><div style="display:block;margin-left:10px;"><div  class="pass"><span class="pass-label">P </span>
Expected: &lt;true&gt;
     Actual: was &lt;true&gt; <a href="../img/FlipKartWebOrderVerificationDataDriven_2k36jjhpyi2j57478.png" target="_blank">[View Screenshot]</a> </div></div><div  class="teststeppass"><span class="teststeppass-label">T </span>When user selects add to cart</div><div  class="teststeppass"><span class="teststeppass-label">T </span>Then product has been added to the cart</div><div style="display:block;margin-left:10px;"><div  class="pass"><span class="pass-label">P </span>
Expected: a value greater than &lt;0&gt;
     Actual: &lt;2&gt; was greater than &lt;0&gt; <a href="../img/FlipKartWebOrderVerificationDataDriven_njbqwucmansk57479.png" target="_blank">[View Screenshot]</a> </div><div  class="pass"><span class="pass-label">P </span>
Expected: a string containing "Sony 59.9cm (24 inch) WXGA LED TV"
     Actual: was "Sony 59.9cm (24 inch) WXGA LED TV" <a href="../img/FlipKartWebOrderVerificationDataDriven_qpcm1hi5cw6a57480.png" target="_blank">[View Screenshot]</a> </div><div  class="pass"><span class="pass-label">P </span>
Expected: a string containing "₹11,999"
     Actual: was "₹11,999" <a href="../img/FlipKartWebOrderVerificationDataDriven_vey99zyg8ynu57481.png" target="_blank">[View Screenshot]</a> </div></div></div>]]>
            </line>
          </reporter-output>
        </test-method> <!-- FlipKartWebOrderVerificationDataDriven -->
        <test-method status="PASS" signature="afterMethod(org.testng.ITestContext, org.testng.ITestResult)[pri:0, instance:com.qmetry.qaf.automation.step.client.DataDrivenScenario@3e9]" test-instance-name="FlipKartWebOrderVerificationDataDriven" name="afterMethod" is-config="true" duration-ms="0" started-at="2018-02-02T17:19:01Z" finished-at="2018-02-02T17:19:01Z">
          <params>
            <param index="0">
              <value>
                <![CDATA[org.testng.TestRunner@6c80d78a]]>
              </value>
            </param>
            <param index="1">
              <value>
                <![CDATA[[TestResult name=FlipKartWebOrderVerificationDataDriven status=SUCCESS method=scenarios.FlipKartOrderVerification.bdd.FlipKartWebOrderVerificationDataDriven( java.util.Map)[pri:1001, instance:com.qmetry.qaf.automation.step.client.DataDrivenScenario@3e9] output=<div style="display:block;margin-left:10px;"><div  class="teststeppass"><span class="teststeppass-label">T </span>Given user is on flipkart homepage</div><div style="display:block;margin-left:10px;"><div  class="pass"><span class="pass-label">P </span>
Expected: a string containing "Online Shopping Site for Mobiles, Fashion, Books, Electronics, Home Appliances and More"
     Actual: was "Online Shopping Site for Mobiles, Fashion, Books, Electronics, Home Appliances and More" <a href="../img/FlipKartWebOrderVerificationDataDriven_x3s6ac3ut9ef57471.png" target="_blank">[View Screenshot]</a> </div></div><div  class="teststeppass"><span class="teststeppass-label">T </span>When user selects product 24 and below from 'TVs & Appliances' category</div><div  class="teststeppass"><span class="teststeppass-label">T </span>Then user should see product results</div><div style="display:block;margin-left:10px;"><div  class="pass"><span class="pass-label">P </span>
Expected: a value greater than &lt;0&gt;
     Actual: &lt;24&gt; was greater than &lt;0&gt; <a href="../img/FlipKartWebOrderVerificationDataDriven_qnks1euiypx057472.png" target="_blank">[View Screenshot]</a> </div></div><div  class="teststeppass"><span class="teststeppass-label">T </span>When user select sortby Price -- High to Low</div><div  class="teststeppass"><span class="teststeppass-label">T </span>And user select filterby Sony brand</div><div  class="teststeppass"><span class="teststeppass-label">T </span>Then user should see only product results</div><div style="display:block;margin-left:10px;"><div  class="pass"><span class="pass-label">P </span>
Expected: not &lt;34&gt;
     Actual: was &lt;2&gt; <a href="../img/FlipKartWebOrderVerificationDataDriven_13sapbd99rviq57473.png" target="_blank">[View Screenshot]</a> </div></div><div  class="teststeppass"><span class="teststeppass-label">T </span>When user selects 1 product from product list</div><div style="display:block;margin-left:10px;"><div  class="pass"><span class="pass-label">P </span>
Expected: &lt;true&gt;
     Actual: was &lt;true&gt; <a href="../img/FlipKartWebOrderVerificationDataDriven_11t5226qw5m7857474.png" target="_blank">[View Screenshot]</a> </div></div><div  class="teststeppass"><span class="teststeppass-label">T </span>Then user should see product details matching correctly</div><div style="display:block;margin-left:10px;"><div  class="pass"><span class="pass-label">P </span>
Expected: a string containing "Sony 59.9cm (24 inch) WXGA LED TV"
     Actual: was "Sony 59.9cm (24 inch) WXGA LED TV  (BRAVIA KLV-24P413D)" <a href="../img/FlipKartWebOrderVerificationDataDriven_1axz6n6sk0zdb57475.png" target="_blank">[View Screenshot]</a> </div><div  class="pass"><span class="pass-label">P </span>
Expected: a string containing "₹11,999"
     Actual: was "₹11,999" <a href="../img/FlipKartWebOrderVerificationDataDriven_1545e36e74cf657476.png" target="_blank">[View Screenshot]</a> </div></div><div  class="teststeppass"><span class="teststeppass-label">T </span>When user selects view details</div><div style="display:block;margin-left:10px;"><div  class="pass"><span class="pass-label">P </span>
Expected: &lt;true&gt;
     Actual: was &lt;true&gt; <a href="../img/FlipKartWebOrderVerificationDataDriven_m8c576qi69yp57477.png" target="_blank">[View Screenshot]</a> </div></div><div  class="teststeppass"><span class="teststeppass-label">T </span>Then user should see flipkart assured</div><div style="display:block;margin-left:10px;"><div  class="pass"><span class="pass-label">P </span>
Expected: &lt;true&gt;
     Actual: was &lt;true&gt; <a href="../img/FlipKartWebOrderVerificationDataDriven_2k36jjhpyi2j57478.png" target="_blank">[View Screenshot]</a> </div></div><div  class="teststeppass"><span class="teststeppass-label">T </span>When user selects add to cart</div><div  class="teststeppass"><span class="teststeppass-label">T </span>Then product has been added to the cart</div><div style="display:block;margin-left:10px;"><div  class="pass"><span class="pass-label">P </span>
Expected: a value greater than &lt;0&gt;
     Actual: &lt;2&gt; was greater than &lt;0&gt; <a href="../img/FlipKartWebOrderVerificationDataDriven_njbqwucmansk57479.png" target="_blank">[View Screenshot]</a> </div><div  class="pass"><span class="pass-label">P </span>
Expected: a string containing "Sony 59.9cm (24 inch) WXGA LED TV"
     Actual: was "Sony 59.9cm (24 inch) WXGA LED TV" <a href="../img/FlipKartWebOrderVerificationDataDriven_qpcm1hi5cw6a57480.png" target="_blank">[View Screenshot]</a> </div><div  class="pass"><span class="pass-label">P </span>
Expected: a string containing "₹11,999"
     Actual: was "₹11,999" <a href="../img/FlipKartWebOrderVerificationDataDriven_vey99zyg8ynu57481.png" target="_blank">[View Screenshot]</a> </div></div></div>]]]>
              </value>
            </param>
          </params>
          <reporter-output>
          </reporter-output>
        </test-method> <!-- afterMethod -->
        <test-method status="PASS" signature="setupMethod(java.lang.reflect.Method, org.testng.ITestContext)[pri:0, instance:com.qmetry.qaf.automation.step.client.DataDrivenScenario@3e9]" test-instance-name="FlipKartWebOrderVerificationDataDriven" name="setupMethod" is-config="true" duration-ms="0" started-at="2018-02-02T17:19:01Z" finished-at="2018-02-02T17:19:01Z">
          <params>
            <param index="0">
              <value>
                <![CDATA[public void com.qmetry.qaf.automation.step.client.DataDrivenScenario.scenario(java.util.Map)]]>
              </value>
            </param>
            <param index="1">
              <value>
                <![CDATA[org.testng.TestRunner@6c80d78a]]>
              </value>
            </param>
          </params>
          <reporter-output>
          </reporter-output>
        </test-method> <!-- setupMethod -->
        <test-method name="FlipKartWebOrderVerificationDataDriven" test-instance-name="FlipKartWebOrderVerificationDataDriven" signature="FlipKartWebOrderVerificationDataDriven( java.util.Map)[pri:1001, instance:com.qmetry.qaf.automation.step.client.DataDrivenScenario@3e9]" status="PASS" duration-ms="17417" finished-at="2018-02-02T17:19:19Z" started-at="2018-02-02T17:19:01Z" data-provider="scenariodp" description="end to end data driven">
          <params>
            <param index="0">
              <value>
                <![CDATA[{mainCategory=Appliances, subCategory=Single Door, sortby=Newest First, filterBy=LG, productNumber=1, assured=flipkart assured}]]>
              </value>
            </param>
          </params>
          <reporter-output>
            <line>
              <![CDATA[<div style="display:block;margin-left:10px;"><div  class="teststeppass"><span class="teststeppass-label">T </span>Given user is on flipkart homepage</div><div style="display:block;margin-left:10px;"><div  class="pass"><span class="pass-label">P </span>
Expected: a string containing "Online Shopping Site for Mobiles, Fashion, Books, Electronics, Home Appliances and More"
     Actual: was "Online Shopping Site for Mobiles, Fashion, Books, Electronics, Home Appliances and More" <a href="../img/FlipKartWebOrderVerificationDataDriven_185yaia3s9ga157482.png" target="_blank">[View Screenshot]</a> </div></div><div  class="teststeppass"><span class="teststeppass-label">T </span>When user selects product Single Door from 'TVs & Appliances' category</div><div  class="teststeppass"><span class="teststeppass-label">T </span>Then user should see product results</div><div style="display:block;margin-left:10px;"><div  class="pass"><span class="pass-label">P </span>
Expected: a value greater than &lt;0&gt;
     Actual: &lt;24&gt; was greater than &lt;0&gt; <a href="../img/FlipKartWebOrderVerificationDataDriven_1rt0jmq6enwle57483.png" target="_blank">[View Screenshot]</a> </div></div><div  class="teststeppass"><span class="teststeppass-label">T </span>When user select sortby Newest First</div><div  class="teststeppass"><span class="teststeppass-label">T </span>And user select filterby LG brand</div><div  class="teststeppass"><span class="teststeppass-label">T </span>Then user should see only product results</div><div style="display:block;margin-left:10px;"><div  class="pass"><span class="pass-label">P </span>
Expected: not &lt;189&gt;
     Actual: was &lt;36&gt; <a href="../img/FlipKartWebOrderVerificationDataDriven_1oagbwg5b4r4e57484.png" target="_blank">[View Screenshot]</a> </div></div><div  class="teststeppass"><span class="teststeppass-label">T </span>When user selects 1 product from product list</div><div style="display:block;margin-left:10px;"><div  class="pass"><span class="pass-label">P </span>
Expected: &lt;true&gt;
     Actual: was &lt;true&gt; <a href="../img/FlipKartWebOrderVerificationDataDriven_15wl58eni95u957485.png" target="_blank">[View Screenshot]</a> </div></div><div  class="teststeppass"><span class="teststeppass-label">T </span>Then user should see product details matching correctly</div><div style="display:block;margin-left:10px;"><div  class="pass"><span class="pass-label">P </span>
Expected: a string containing "LG 190 L Direct Cool Single Door 3 Star Refrigerator"
     Actual: was "LG 190 L Direct Cool Single Door 3 Star Refrigerator  (Marine Heart, GL-B201AMHC)" <a href="../img/FlipKartWebOrderVerificationDataDriven_1v05zuqtccyor57486.png" target="_blank">[View Screenshot]</a> </div><div  class="pass"><span class="pass-label">P </span>
Expected: a string containing "₹13,299"
     Actual: was "₹13,299" <a href="../img/FlipKartWebOrderVerificationDataDriven_n4ttige4nb3757487.png" target="_blank">[View Screenshot]</a> </div></div><div  class="teststeppass"><span class="teststeppass-label">T </span>When user selects view details</div><div style="display:block;margin-left:10px;"><div  class="pass"><span class="pass-label">P </span>
Expected: &lt;true&gt;
     Actual: was &lt;true&gt; <a href="../img/FlipKartWebOrderVerificationDataDriven_1u5x5wyy1rjd257488.png" target="_blank">[View Screenshot]</a> </div></div><div  class="teststeppass"><span class="teststeppass-label">T </span>Then user should see flipkart assured</div><div style="display:block;margin-left:10px;"><div  class="pass"><span class="pass-label">P </span>
Expected: &lt;true&gt;
     Actual: was &lt;true&gt; <a href="../img/FlipKartWebOrderVerificationDataDriven_1b19zfvkzdo8f57489.png" target="_blank">[View Screenshot]</a> </div></div><div  class="teststeppass"><span class="teststeppass-label">T </span>When user selects add to cart</div><div  class="teststeppass"><span class="teststeppass-label">T </span>Then product has been added to the cart</div><div style="display:block;margin-left:10px;"><div  class="pass"><span class="pass-label">P </span>
Expected: a value greater than &lt;0&gt;
     Actual: &lt;3&gt; was greater than &lt;0&gt; <a href="../img/FlipKartWebOrderVerificationDataDriven_14carrba2f5dk57490.png" target="_blank">[View Screenshot]</a> </div><div  class="pass"><span class="pass-label">P </span>
Expected: a string containing "LG 190 L Direct Cool Single Door 3 Star Refrigerator"
     Actual: was "LG 190 L Direct Cool Single Door 3 Star Refrigerator" <a href="../img/FlipKartWebOrderVerificationDataDriven_r1isxucl62s557491.png" target="_blank">[View Screenshot]</a> </div><div  class="pass"><span class="pass-label">P </span>
Expected: a string containing "₹13,299"
     Actual: was "₹13,299" <a href="../img/FlipKartWebOrderVerificationDataDriven_bf0xpufjbkmi57492.png" target="_blank">[View Screenshot]</a> </div></div></div>]]>
            </line>
          </reporter-output>
        </test-method> <!-- FlipKartWebOrderVerificationDataDriven -->
        <test-method status="PASS" signature="setupMethod(java.lang.reflect.Method, org.testng.ITestContext)[pri:0, instance:com.qmetry.qaf.automation.step.client.DataDrivenScenario@3e9]" test-instance-name="FlipKartWebOrderVerificationDataDriven" name="setupMethod" is-config="true" duration-ms="0" started-at="2018-02-02T17:19:19Z" finished-at="2018-02-02T17:19:19Z">
          <params>
            <param index="0">
              <value>
                <![CDATA[public void com.qmetry.qaf.automation.step.client.DataDrivenScenario.scenario(java.util.Map)]]>
              </value>
            </param>
            <param index="1">
              <value>
                <![CDATA[org.testng.TestRunner@6c80d78a]]>
              </value>
            </param>
          </params>
          <reporter-output>
          </reporter-output>
        </test-method> <!-- setupMethod -->
        <test-method status="PASS" signature="afterMethod(org.testng.ITestContext, org.testng.ITestResult)[pri:0, instance:com.qmetry.qaf.automation.step.client.DataDrivenScenario@3e9]" test-instance-name="FlipKartWebOrderVerificationDataDriven" name="afterMethod" is-config="true" duration-ms="0" started-at="2018-02-02T17:19:19Z" finished-at="2018-02-02T17:19:19Z">
          <params>
            <param index="0">
              <value>
                <![CDATA[org.testng.TestRunner@6c80d78a]]>
              </value>
            </param>
            <param index="1">
              <value>
                <![CDATA[[TestResult name=FlipKartWebOrderVerificationDataDriven status=SUCCESS method=scenarios.FlipKartOrderVerification.bdd.FlipKartWebOrderVerificationDataDriven( java.util.Map)[pri:1001, instance:com.qmetry.qaf.automation.step.client.DataDrivenScenario@3e9] output=<div style="display:block;margin-left:10px;"><div  class="teststeppass"><span class="teststeppass-label">T </span>Given user is on flipkart homepage</div><div style="display:block;margin-left:10px;"><div  class="pass"><span class="pass-label">P </span>
Expected: a string containing "Online Shopping Site for Mobiles, Fashion, Books, Electronics, Home Appliances and More"
     Actual: was "Online Shopping Site for Mobiles, Fashion, Books, Electronics, Home Appliances and More" <a href="../img/FlipKartWebOrderVerificationDataDriven_185yaia3s9ga157482.png" target="_blank">[View Screenshot]</a> </div></div><div  class="teststeppass"><span class="teststeppass-label">T </span>When user selects product Single Door from 'TVs & Appliances' category</div><div  class="teststeppass"><span class="teststeppass-label">T </span>Then user should see product results</div><div style="display:block;margin-left:10px;"><div  class="pass"><span class="pass-label">P </span>
Expected: a value greater than &lt;0&gt;
     Actual: &lt;24&gt; was greater than &lt;0&gt; <a href="../img/FlipKartWebOrderVerificationDataDriven_1rt0jmq6enwle57483.png" target="_blank">[View Screenshot]</a> </div></div><div  class="teststeppass"><span class="teststeppass-label">T </span>When user select sortby Newest First</div><div  class="teststeppass"><span class="teststeppass-label">T </span>And user select filterby LG brand</div><div  class="teststeppass"><span class="teststeppass-label">T </span>Then user should see only product results</div><div style="display:block;margin-left:10px;"><div  class="pass"><span class="pass-label">P </span>
Expected: not &lt;189&gt;
     Actual: was &lt;36&gt; <a href="../img/FlipKartWebOrderVerificationDataDriven_1oagbwg5b4r4e57484.png" target="_blank">[View Screenshot]</a> </div></div><div  class="teststeppass"><span class="teststeppass-label">T </span>When user selects 1 product from product list</div><div style="display:block;margin-left:10px;"><div  class="pass"><span class="pass-label">P </span>
Expected: &lt;true&gt;
     Actual: was &lt;true&gt; <a href="../img/FlipKartWebOrderVerificationDataDriven_15wl58eni95u957485.png" target="_blank">[View Screenshot]</a> </div></div><div  class="teststeppass"><span class="teststeppass-label">T </span>Then user should see product details matching correctly</div><div style="display:block;margin-left:10px;"><div  class="pass"><span class="pass-label">P </span>
Expected: a string containing "LG 190 L Direct Cool Single Door 3 Star Refrigerator"
     Actual: was "LG 190 L Direct Cool Single Door 3 Star Refrigerator  (Marine Heart, GL-B201AMHC)" <a href="../img/FlipKartWebOrderVerificationDataDriven_1v05zuqtccyor57486.png" target="_blank">[View Screenshot]</a> </div><div  class="pass"><span class="pass-label">P </span>
Expected: a string containing "₹13,299"
     Actual: was "₹13,299" <a href="../img/FlipKartWebOrderVerificationDataDriven_n4ttige4nb3757487.png" target="_blank">[View Screenshot]</a> </div></div><div  class="teststeppass"><span class="teststeppass-label">T </span>When user selects view details</div><div style="display:block;margin-left:10px;"><div  class="pass"><span class="pass-label">P </span>
Expected: &lt;true&gt;
     Actual: was &lt;true&gt; <a href="../img/FlipKartWebOrderVerificationDataDriven_1u5x5wyy1rjd257488.png" target="_blank">[View Screenshot]</a> </div></div><div  class="teststeppass"><span class="teststeppass-label">T </span>Then user should see flipkart assured</div><div style="display:block;margin-left:10px;"><div  class="pass"><span class="pass-label">P </span>
Expected: &lt;true&gt;
     Actual: was &lt;true&gt; <a href="../img/FlipKartWebOrderVerificationDataDriven_1b19zfvkzdo8f57489.png" target="_blank">[View Screenshot]</a> </div></div><div  class="teststeppass"><span class="teststeppass-label">T </span>When user selects add to cart</div><div  class="teststeppass"><span class="teststeppass-label">T </span>Then product has been added to the cart</div><div style="display:block;margin-left:10px;"><div  class="pass"><span class="pass-label">P </span>
Expected: a value greater than &lt;0&gt;
     Actual: &lt;3&gt; was greater than &lt;0&gt; <a href="../img/FlipKartWebOrderVerificationDataDriven_14carrba2f5dk57490.png" target="_blank">[View Screenshot]</a> </div><div  class="pass"><span class="pass-label">P </span>
Expected: a string containing "LG 190 L Direct Cool Single Door 3 Star Refrigerator"
     Actual: was "LG 190 L Direct Cool Single Door 3 Star Refrigerator" <a href="../img/FlipKartWebOrderVerificationDataDriven_r1isxucl62s557491.png" target="_blank">[View Screenshot]</a> </div><div  class="pass"><span class="pass-label">P </span>
Expected: a string containing "₹13,299"
     Actual: was "₹13,299" <a href="../img/FlipKartWebOrderVerificationDataDriven_bf0xpufjbkmi57492.png" target="_blank">[View Screenshot]</a> </div></div></div>]]]>
              </value>
            </param>
          </params>
          <reporter-output>
          </reporter-output>
        </test-method> <!-- afterMethod -->
        <test-method name="FlipKartWebOrderVerificationDataDriven" test-instance-name="FlipKartWebOrderVerificationDataDriven" signature="FlipKartWebOrderVerificationDataDriven( java.util.Map)[pri:1001, instance:com.qmetry.qaf.automation.step.client.DataDrivenScenario@3e9]" status="PASS" duration-ms="17591" finished-at="2018-02-02T17:19:36Z" started-at="2018-02-02T17:19:19Z" data-provider="scenariodp" description="end to end data driven">
          <params>
            <param index="0">
              <value>
                <![CDATA[{mainCategory=Appliances, subCategory=Semi Automatic Top Load, sortby=Price -- Low to High, filterBy=Godrej, productNumber=2, assured=flipkart assured}]]>
              </value>
            </param>
          </params>
          <reporter-output>
            <line>
              <![CDATA[<div style="display:block;margin-left:10px;"><div  class="teststeppass"><span class="teststeppass-label">T </span>Given user is on flipkart homepage</div><div style="display:block;margin-left:10px;"><div  class="pass"><span class="pass-label">P </span>
Expected: a string containing "Online Shopping Site for Mobiles, Fashion, Books, Electronics, Home Appliances and More"
     Actual: was "Online Shopping Site for Mobiles, Fashion, Books, Electronics, Home Appliances and More" <a href="../img/FlipKartWebOrderVerificationDataDriven_175ikyoxcr91h57493.png" target="_blank">[View Screenshot]</a> </div></div><div  class="teststeppass"><span class="teststeppass-label">T </span>When user selects product Semi Automatic Top Load from 'TVs & Appliances' category</div><div  class="teststeppass"><span class="teststeppass-label">T </span>Then user should see product results</div><div style="display:block;margin-left:10px;"><div  class="pass"><span class="pass-label">P </span>
Expected: a value greater than &lt;0&gt;
     Actual: &lt;23&gt; was greater than &lt;0&gt; <a href="../img/FlipKartWebOrderVerificationDataDriven_11h25q13khx1457494.png" target="_blank">[View Screenshot]</a> </div></div><div  class="teststeppass"><span class="teststeppass-label">T </span>When user select sortby Price -- Low to High</div><div  class="teststeppass"><span class="teststeppass-label">T </span>And user select filterby Godrej brand</div><div  class="teststeppass"><span class="teststeppass-label">T </span>Then user should see only product results</div><div style="display:block;margin-left:10px;"><div  class="pass"><span class="pass-label">P </span>
Expected: not &lt;110&gt;
     Actual: was &lt;17&gt; <a href="../img/FlipKartWebOrderVerificationDataDriven_1uod0dqrrx0pt57495.png" target="_blank">[View Screenshot]</a> </div></div><div  class="teststeppass"><span class="teststeppass-label">T </span>When user selects 2 product from product list</div><div style="display:block;margin-left:10px;"><div  class="pass"><span class="pass-label">P </span>
Expected: &lt;true&gt;
     Actual: was &lt;true&gt; <a href="../img/FlipKartWebOrderVerificationDataDriven_1sr25t7lkfad157496.png" target="_blank">[View Screenshot]</a> </div></div><div  class="teststeppass"><span class="teststeppass-label">T </span>Then user should see product details matching correctly</div><div style="display:block;margin-left:10px;"><div  class="pass"><span class="pass-label">P </span>
Expected: a string containing "Godrej Semi Automatic Top Load"
     Actual: was "Godrej Semi Automatic Top Load  (GWS 6204 PPD TWIN TUB)" <a href="../img/FlipKartWebOrderVerificationDataDriven_yhzi4ufzwem357497.png" target="_blank">[View Screenshot]</a> </div><div  class="pass"><span class="pass-label">P </span>
Expected: a string containing "₹9,850"
     Actual: was "₹9,850" <a href="../img/FlipKartWebOrderVerificationDataDriven_15ew72u1za5k857498.png" target="_blank">[View Screenshot]</a> </div></div><div  class="teststeppass"><span class="teststeppass-label">T </span>When user selects view details</div><div style="display:block;margin-left:10px;"><div  class="pass"><span class="pass-label">P </span>
Expected: &lt;true&gt;
     Actual: was &lt;true&gt; <a href="../img/FlipKartWebOrderVerificationDataDriven_juab7p9noc1h57499.png" target="_blank">[View Screenshot]</a> </div></div><div  class="teststeppass"><span class="teststeppass-label">T </span>Then user should see flipkart assured</div><div style="display:block;margin-left:10px;"><div  class="pass"><span class="pass-label">P </span>
Expected: &lt;true&gt;
     Actual: was &lt;true&gt; <a href="../img/FlipKartWebOrderVerificationDataDriven_1119rk5fvj9rl57500.png" target="_blank">[View Screenshot]</a> </div></div><div  class="teststeppass"><span class="teststeppass-label">T </span>When user selects add to cart</div><div  class="teststeppass"><span class="teststeppass-label">T </span>Then product has been added to the cart</div><div style="display:block;margin-left:10px;"><div  class="pass"><span class="pass-label">P </span>
Expected: a value greater than &lt;0&gt;
     Actual: &lt;4&gt; was greater than &lt;0&gt; <a href="../img/FlipKartWebOrderVerificationDataDriven_sr39b0qimvgn57501.png" target="_blank">[View Screenshot]</a> </div><div  class="pass"><span class="pass-label">P </span>
Expected: a string containing "Godrej Semi Automatic Top Load"
     Actual: was "Godrej Semi Automatic Top Load" <a href="../img/FlipKartWebOrderVerificationDataDriven_1k9bofm64r63p57502.png" target="_blank">[View Screenshot]</a> </div><div  class="pass"><span class="pass-label">P </span>
Expected: a string containing "₹9,850"
     Actual: was "₹9,850" <a href="../img/FlipKartWebOrderVerificationDataDriven_16cfmwjmtfbmi57503.png" target="_blank">[View Screenshot]</a> </div></div></div>]]>
            </line>
          </reporter-output>
        </test-method> <!-- FlipKartWebOrderVerificationDataDriven -->
        <test-method status="PASS" signature="afterMethod(org.testng.ITestContext, org.testng.ITestResult)[pri:0, instance:com.qmetry.qaf.automation.step.client.DataDrivenScenario@3e9]" test-instance-name="FlipKartWebOrderVerificationDataDriven" name="afterMethod" is-config="true" duration-ms="0" started-at="2018-02-02T17:19:37Z" finished-at="2018-02-02T17:19:37Z">
          <params>
            <param index="0">
              <value>
                <![CDATA[org.testng.TestRunner@6c80d78a]]>
              </value>
            </param>
            <param index="1">
              <value>
                <![CDATA[[TestResult name=FlipKartWebOrderVerificationDataDriven status=SUCCESS method=scenarios.FlipKartOrderVerification.bdd.FlipKartWebOrderVerificationDataDriven( java.util.Map)[pri:1001, instance:com.qmetry.qaf.automation.step.client.DataDrivenScenario@3e9] output=<div style="display:block;margin-left:10px;"><div  class="teststeppass"><span class="teststeppass-label">T </span>Given user is on flipkart homepage</div><div style="display:block;margin-left:10px;"><div  class="pass"><span class="pass-label">P </span>
Expected: a string containing "Online Shopping Site for Mobiles, Fashion, Books, Electronics, Home Appliances and More"
     Actual: was "Online Shopping Site for Mobiles, Fashion, Books, Electronics, Home Appliances and More" <a href="../img/FlipKartWebOrderVerificationDataDriven_175ikyoxcr91h57493.png" target="_blank">[View Screenshot]</a> </div></div><div  class="teststeppass"><span class="teststeppass-label">T </span>When user selects product Semi Automatic Top Load from 'TVs & Appliances' category</div><div  class="teststeppass"><span class="teststeppass-label">T </span>Then user should see product results</div><div style="display:block;margin-left:10px;"><div  class="pass"><span class="pass-label">P </span>
Expected: a value greater than &lt;0&gt;
     Actual: &lt;23&gt; was greater than &lt;0&gt; <a href="../img/FlipKartWebOrderVerificationDataDriven_11h25q13khx1457494.png" target="_blank">[View Screenshot]</a> </div></div><div  class="teststeppass"><span class="teststeppass-label">T </span>When user select sortby Price -- Low to High</div><div  class="teststeppass"><span class="teststeppass-label">T </span>And user select filterby Godrej brand</div><div  class="teststeppass"><span class="teststeppass-label">T </span>Then user should see only product results</div><div style="display:block;margin-left:10px;"><div  class="pass"><span class="pass-label">P </span>
Expected: not &lt;110&gt;
     Actual: was &lt;17&gt; <a href="../img/FlipKartWebOrderVerificationDataDriven_1uod0dqrrx0pt57495.png" target="_blank">[View Screenshot]</a> </div></div><div  class="teststeppass"><span class="teststeppass-label">T </span>When user selects 2 product from product list</div><div style="display:block;margin-left:10px;"><div  class="pass"><span class="pass-label">P </span>
Expected: &lt;true&gt;
     Actual: was &lt;true&gt; <a href="../img/FlipKartWebOrderVerificationDataDriven_1sr25t7lkfad157496.png" target="_blank">[View Screenshot]</a> </div></div><div  class="teststeppass"><span class="teststeppass-label">T </span>Then user should see product details matching correctly</div><div style="display:block;margin-left:10px;"><div  class="pass"><span class="pass-label">P </span>
Expected: a string containing "Godrej Semi Automatic Top Load"
     Actual: was "Godrej Semi Automatic Top Load  (GWS 6204 PPD TWIN TUB)" <a href="../img/FlipKartWebOrderVerificationDataDriven_yhzi4ufzwem357497.png" target="_blank">[View Screenshot]</a> </div><div  class="pass"><span class="pass-label">P </span>
Expected: a string containing "₹9,850"
     Actual: was "₹9,850" <a href="../img/FlipKartWebOrderVerificationDataDriven_15ew72u1za5k857498.png" target="_blank">[View Screenshot]</a> </div></div><div  class="teststeppass"><span class="teststeppass-label">T </span>When user selects view details</div><div style="display:block;margin-left:10px;"><div  class="pass"><span class="pass-label">P </span>
Expected: &lt;true&gt;
     Actual: was &lt;true&gt; <a href="../img/FlipKartWebOrderVerificationDataDriven_juab7p9noc1h57499.png" target="_blank">[View Screenshot]</a> </div></div><div  class="teststeppass"><span class="teststeppass-label">T </span>Then user should see flipkart assured</div><div style="display:block;margin-left:10px;"><div  class="pass"><span class="pass-label">P </span>
Expected: &lt;true&gt;
     Actual: was &lt;true&gt; <a href="../img/FlipKartWebOrderVerificationDataDriven_1119rk5fvj9rl57500.png" target="_blank">[View Screenshot]</a> </div></div><div  class="teststeppass"><span class="teststeppass-label">T </span>When user selects add to cart</div><div  class="teststeppass"><span class="teststeppass-label">T </span>Then product has been added to the cart</div><div style="display:block;margin-left:10px;"><div  class="pass"><span class="pass-label">P </span>
Expected: a value greater than &lt;0&gt;
     Actual: &lt;4&gt; was greater than &lt;0&gt; <a href="../img/FlipKartWebOrderVerificationDataDriven_sr39b0qimvgn57501.png" target="_blank">[View Screenshot]</a> </div><div  class="pass"><span class="pass-label">P </span>
Expected: a string containing "Godrej Semi Automatic Top Load"
     Actual: was "Godrej Semi Automatic Top Load" <a href="../img/FlipKartWebOrderVerificationDataDriven_1k9bofm64r63p57502.png" target="_blank">[View Screenshot]</a> </div><div  class="pass"><span class="pass-label">P </span>
Expected: a string containing "₹9,850"
     Actual: was "₹9,850" <a href="../img/FlipKartWebOrderVerificationDataDriven_16cfmwjmtfbmi57503.png" target="_blank">[View Screenshot]</a> </div></div></div>]]]>
              </value>
            </param>
          </params>
          <reporter-output>
          </reporter-output>
        </test-method> <!-- afterMethod -->
        <test-method status="PASS" signature="afterClass(org.testng.ITestContext)[pri:0, instance:com.qmetry.qaf.automation.step.client.DataDrivenScenario@3e9]" test-instance-name="FlipKartWebOrderVerificationDataDriven" name="afterClass" is-config="true" duration-ms="0" started-at="2018-02-02T17:19:37Z" finished-at="2018-02-02T17:19:37Z">
          <params>
            <param index="0">
              <value>
                <![CDATA[org.testng.TestRunner@6c80d78a]]>
              </value>
            </param>
          </params>
          <reporter-output>
          </reporter-output>
        </test-method> <!-- afterClass -->
      </class> <!-- com.qmetry.qaf.automation.step.client.DataDrivenScenario -->
    </test> <!-- BDD Test -->
  </suite> <!-- QAS Demo -->
</testng-results>
