<?xml version="1.0" encoding="UTF-8"?>
<!-- Generated by org.testng.reporters.JUnitXMLReporter -->
<testsuite hostname="ICPL12426" ignored="5" name="BDD Test" tests="4" failures="0" timestamp="03 Jan 2018 13:11:12 GMT" time="77.746" errors="0">
  <testcase name="FlipkartWebOrderVerification" time="26.977" classname="com.qmetry.qaf.automation.step.client.Scenario"/>
  <testcase name="FlipKartWebOrderVerificationDataDriven" time="16.993" classname="com.qmetry.qaf.automation.step.client.DataDrivenScenario"/>
  <testcase name="FlipKartWebOrderVerificationDataDriven" time="16.764" classname="com.qmetry.qaf.automation.step.client.DataDrivenScenario"/>
  <testcase name="FlipKartWebOrderVerificationDataDriven" time="16.946" classname="com.qmetry.qaf.automation.step.client.DataDrivenScenario"/>
  <testcase name="FlipKartWebOrderVerificationDataDriven" time="0.0" classname="com.qmetry.qaf.automation.step.client.DataDrivenScenario">
    <ignored/>
  </testcase> <!-- FlipKartWebOrderVerificationDataDriven -->
  <testcase name="@AfterSuite afterSuit" time="0.0" classname="com.qmetry.qaf.automation.ui.AbstractTestCase">
    <ignored/>
  </testcase> <!-- @AfterSuite afterSuit -->
  <testcase name="@BeforeSuite setupSuit" time="0.0" classname="com.qmetry.qaf.automation.ui.AbstractTestCase">
    <ignored/>
  </testcase> <!-- @BeforeSuite setupSuit -->
  <testcase name="@BeforeTest setupTest" time="0.0" classname="com.qmetry.qaf.automation.ui.AbstractTestCase">
    <ignored/>
  </testcase> <!-- @BeforeTest setupTest -->
  <testcase name="@AfterTest afterTest" time="0.0" classname="com.qmetry.qaf.automation.ui.AbstractTestCase">
    <ignored/>
  </testcase> <!-- @AfterTest afterTest -->
</testsuite> <!-- BDD Test -->
