<?xml version="1.0" encoding="UTF-8"?>
<!-- Generated by org.testng.reporters.JUnitXMLReporter -->
<testsuite hostname="ICPL12426" ignored="5" name="BDD Test" tests="4" failures="0" timestamp="02 Feb 2018 11:49:37 GMT" time="78.909" errors="0">
  <testcase name="FlipkartWebOrderVerification" time="26.242" classname="com.qmetry.qaf.automation.step.client.Scenario"/>
  <testcase name="FlipKartWebOrderVerificationDataDriven" time="17.505" classname="com.qmetry.qaf.automation.step.client.DataDrivenScenario"/>
  <testcase name="FlipKartWebOrderVerificationDataDriven" time="17.417" classname="com.qmetry.qaf.automation.step.client.DataDrivenScenario"/>
  <testcase name="FlipKartWebOrderVerificationDataDriven" time="17.591" classname="com.qmetry.qaf.automation.step.client.DataDrivenScenario"/>
  <testcase name="FlipKartWebOrderVerificationDataDriven" time="0.0" classname="com.qmetry.qaf.automation.step.client.DataDrivenScenario">
    <ignored/>
  </testcase> <!-- FlipKartWebOrderVerificationDataDriven -->
  <testcase name="@AfterSuite afterSuit" time="0.0" classname="com.qmetry.qaf.automation.ui.AbstractTestCase">
    <ignored/>
  </testcase> <!-- @AfterSuite afterSuit -->
  <testcase name="@BeforeSuite setupSuit" time="0.0" classname="com.qmetry.qaf.automation.ui.AbstractTestCase">
    <ignored/>
  </testcase> <!-- @BeforeSuite setupSuit -->
  <testcase name="@BeforeTest setupTest" time="0.0" classname="com.qmetry.qaf.automation.ui.AbstractTestCase">
    <ignored/>
  </testcase> <!-- @BeforeTest setupTest -->
  <testcase name="@AfterTest afterTest" time="0.0" classname="com.qmetry.qaf.automation.ui.AbstractTestCase">
    <ignored/>
  </testcase> <!-- @AfterTest afterTest -->
</testsuite> <!-- BDD Test -->
